<?xml version="1.0" encoding="UTF-8"?>
<!-- Generated by org.testng.reporters.JUnitReportReporter -->
<testsuite hostname="USHYDMUDINESH4" failures="0" tests="3" name="cucumberOptions.TestNGTestRunner" time="51.227" errors="0" timestamp="2024-01-13T21:07:09 IST" skipped="0">
  <testcase classname="cucumberOptions.TestNGTestRunner" name="runScenario" time="17.706"/>
  <system-out/>
  <testcase classname="cucumberOptions.TestNGTestRunner" name="runScenario" time="16.869"/>
  <system-out/>
  <testcase classname="cucumberOptions.TestNGTestRunner" name="runScenario" time="16.652"/>
  <system-out/>
</testsuite> <!-- cucumberOptions.TestNGTestRunner -->
