<?xml version="1.0" encoding="UTF-8"?>
<!-- Generated by org.testng.reporters.JUnitReportReporter -->
<testsuite hostname="DESKTOP-TDS691D" failures="0" tests="2" name="cucumberOptions.TestNGTestRunner" time="47.112" errors="0" timestamp="2024-01-14T10:53:38 IST" skipped="0">
  <testcase classname="cucumberOptions.TestNGTestRunner" name="runScenario" time="23.514"/>
  <system-out/>
  <testcase classname="cucumberOptions.TestNGTestRunner" name="runScenario" time="23.598"/>
  <system-out/>
</testsuite> <!-- cucumberOptions.TestNGTestRunner -->
