<?xml version="1.0" encoding="UTF-8"?>
<!-- Generated by org.testng.reporters.JUnitReportReporter -->
<testsuite hostname="USHYDMUDINESH4" failures="0" tests="3" name="cucumberOptions.TestNGTestRunner" time="65.037" errors="0" timestamp="2024-01-13T19:13:01 IST" skipped="0">
  <testcase classname="cucumberOptions.TestNGTestRunner" name="runScenario" time="23.112"/>
  <system-out/>
  <testcase classname="cucumberOptions.TestNGTestRunner" name="runScenario" time="19.445"/>
  <system-out/>
  <testcase classname="cucumberOptions.TestNGTestRunner" name="runScenario" time="22.480"/>
  <system-out/>
</testsuite> <!-- cucumberOptions.TestNGTestRunner -->
