<?xml version="1.0" encoding="UTF-8"?>
<!-- Generated by org.testng.reporters.JUnitReportReporter -->
<testsuite hostname="DESKTOP-TDS691D" failures="0" tests="2" name="cucumberOptions.TestNGTestRunner" time="26.639" errors="0" timestamp="2024-01-12T23:28:45 IST" skipped="0">
  <testcase classname="cucumberOptions.TestNGTestRunner" name="runScenario" time="13.784"/>
  <system-out/>
  <testcase classname="cucumberOptions.TestNGTestRunner" name="runScenario" time="12.855"/>
  <system-out/>
</testsuite> <!-- cucumberOptions.TestNGTestRunner -->
