<?xml version="1.0" encoding="UTF-8"?>
<!-- Generated by org.testng.reporters.JUnitReportReporter -->
<testsuite hostname="DESKTOP-TDS691D" failures="0" tests="2" name="cucumberOptions.TestNGTestRunner" time="27.129" errors="0" timestamp="2024-01-13T00:11:15 IST" skipped="0">
  <testcase classname="cucumberOptions.TestNGTestRunner" name="runScenario" time="13.513"/>
  <system-out/>
  <testcase classname="cucumberOptions.TestNGTestRunner" name="runScenario" time="13.616"/>
  <system-out/>
</testsuite> <!-- cucumberOptions.TestNGTestRunner -->
